[0m13:23:19.507983 [debug] [MainThread]: Sending event: {'category': 'dbt', 'action': 'invocation', 'label': 'start', 'context': [<snowplow_tracker.self_describing_json.SelfDescribingJson object at 0x0000019E7CB1C590>, <snowplow_tracker.self_describing_json.SelfDescribingJson object at 0x0000019E7A5A1950>, <snowplow_tracker.self_describing_json.SelfDescribingJson object at 0x0000019E7DB28050>]}


============================== 13:23:19.513973 | b4347b23-3144-4df7-a94f-f7d314ceb19d ==============================
[0m13:23:19.513973 [info ] [MainThread]: Running with dbt=1.10.3
[0m13:23:19.514901 [debug] [MainThread]: running dbt with arguments {'printer_width': '80', 'indirect_selection': 'eager', 'write_json': 'True', 'log_cache_events': 'False', 'partial_parse': 'True', 'cache_selected_only': 'False', 'warn_error': 'None', 'debug': 'False', 'version_check': 'True', 'log_path': 'logs', 'profiles_dir': 'C:\\Users\\neera\\.dbt', 'fail_fast': 'False', 'use_colors': 'True', 'use_experimental_parser': 'False', 'no_print': 'None', 'quiet': 'False', 'empty': 'None', 'warn_error_options': 'WarnErrorOptionsV2(error=[], warn=[], silence=[])', 'invocation_command': 'dbt init my_warehouse', 'static_parser': 'True', 'log_format': 'default', 'target_path': 'None', 'introspect': 'True', 'send_anonymous_usage_stats': 'True'}
[0m13:23:19.565178 [debug] [MainThread]: Starter project path: C:\Users\neera\AppData\Local\Programs\Python\Python313\Lib\site-packages\dbt\include\starter_project
[0m13:23:19.584063 [info ] [MainThread]: 
Your new dbt project "my_warehouse" was created!

For more information on how to configure the profiles.yml file,
please consult the dbt documentation here:

  https://docs.getdbt.com/docs/configure-your-profile

One more thing:

Need help? Don't hesitate to reach out to us via GitHub issues or on Slack:

  https://community.getdbt.com/

Happy modeling!

[0m13:23:19.584913 [info ] [MainThread]: Setting up your profile.
[0m13:24:13.884542 [info ] [MainThread]: Profile my_warehouse written to C:\Users\neera\.dbt\profiles.yml using target's profile_template.yml and your supplied values. Run 'dbt debug' to validate the connection.
[0m13:24:13.886346 [debug] [MainThread]: Command `dbt init` succeeded at 13:24:13.886195 after 54.54 seconds
[0m13:24:13.886791 [debug] [MainThread]: Sending event: {'category': 'dbt', 'action': 'invocation', 'label': 'end', 'context': [<snowplow_tracker.self_describing_json.SelfDescribingJson object at 0x0000019E7EDAC9D0>, <snowplow_tracker.self_describing_json.SelfDescribingJson object at 0x0000019E7EDA5130>, <snowplow_tracker.self_describing_json.SelfDescribingJson object at 0x0000019E7DBC1480>]}
[0m13:24:13.887231 [debug] [MainThread]: Flushing usage events
[0m13:24:14.615695 [debug] [MainThread]: An error was encountered while trying to flush usage events
